<?xml version="1.0" encoding="UTF-8"?>
<testng-results ignored="0" total="1" passed="1" failed="0" skipped="0">
  <reporter-output>
  </reporter-output>
  <suite started-at="2026-04-02T15:58:48 IST" name="Default suite" finished-at="2026-04-02T15:58:54 IST" duration-ms="6057">
    <groups>
    </groups>
    <test started-at="2026-04-02T15:58:48 IST" name="Default test" finished-at="2026-04-02T15:58:54 IST" duration-ms="6057">
      <class name="com.SeleniumDashboard.Locators2">
        <test-method signature="loginTest()[pri:0, instance:com.SeleniumDashboard.Locators2@639c2c1d]" started-at="2026-04-02T15:58:48 IST" name="loginTest" finished-at="2026-04-02T15:58:54 IST" duration-ms="6001" status="PASS">
          <reporter-output>
          </reporter-output>
        </test-method> <!-- loginTest -->
      </class> <!-- com.SeleniumDashboard.Locators2 -->
    </test> <!-- Default test -->
  </suite> <!-- Default suite -->
</testng-results>
